<?xml version="1.0" encoding="UTF-8"?>
<!-- Generated by org.testng.reporters.JUnitReportReporter -->
<testsuite hostname="DESKTOP-CTF5VAH" name="ejagruti.finsys.tcdemo.demotest" tests="2" failures="0" timestamp="3 Mar 2018 04:04:24 GMT" time="16.411" errors="1">
  <testcase name="testcase1" time="16.411" classname="ejagruti.finsys.tcdemo.demotest"/>
  <testcase name="loginValid" time="0.000" classname="ejagruti.finsys.tcdemo.demotest">
    <error type="org.testng.TestNGException" message="
Parameter &#039;un&#039; is required by @Test on method loginValid but has not been marked @Optional or defined
in C:\Users\Vishal-PC\WS_HMS\eJagruti\testng.xml">
      <![CDATA[org.testng.TestNGException: 
Parameter 'un' is required by @Test on method loginValid but has not been marked @Optional or defined
in C:\Users\Vishal-PC\WS_HMS\eJagruti\testng.xml
	at org.testng.internal.Parameters.createParameters(Parameters.java:154)
	at org.testng.internal.Parameters.createParameters(Parameters.java:361)
	at org.testng.internal.Parameters.handleParameters(Parameters.java:451)
	at org.testng.internal.Invoker.handleParameters(Invoker.java:1270)
	at org.testng.internal.Invoker.createParameters(Invoker.java:985)
	at org.testng.internal.Invoker.invokeTestMethods(Invoker.java:1075)
	at org.testng.internal.TestMethodWorker.invokeTestMethods(TestMethodWorker.java:125)
	at org.testng.internal.TestMethodWorker.run(TestMethodWorker.java:108)
	at org.testng.TestRunner.privateRun(TestRunner.java:774)
	at org.testng.TestRunner.run(TestRunner.java:624)
	at org.testng.SuiteRunner.runTest(SuiteRunner.java:359)
	at org.testng.SuiteRunner.runSequentially(SuiteRunner.java:354)
	at org.testng.SuiteRunner.privateRun(SuiteRunner.java:312)
	at org.testng.SuiteRunner.run(SuiteRunner.java:261)
	at org.testng.SuiteRunnerWorker.runSuite(SuiteRunnerWorker.java:52)
	at org.testng.SuiteRunnerWorker.run(SuiteRunnerWorker.java:86)
	at org.testng.TestNG.runSuitesSequentially(TestNG.java:1215)
	at org.testng.TestNG.runSuitesLocally(TestNG.java:1140)
	at org.testng.TestNG.run(TestNG.java:1048)
	at org.testng.remote.AbstractRemoteTestNG.run(AbstractRemoteTestNG.java:114)
	at org.testng.remote.RemoteTestNG.initAndRun(RemoteTestNG.java:251)
	at org.testng.remote.RemoteTestNG.main(RemoteTestNG.java:77)
]]>
    </error>
  </testcase> <!-- loginValid -->
</testsuite> <!-- ejagruti.finsys.tcdemo.demotest -->
