<?xml version="1.0" encoding="UTF-8"?>
<testsuite name="TestSuite" time="84.188" tests="5" errors="0" skipped="0" failures="2">
  <properties>
    <property name="java.runtime.name" value="Java(TM) SE Runtime Environment"/>
    <property name="sun.boot.library.path" value="C:\Program Files\Java\jdk1.8.0_91\jre\bin"/>
    <property name="java.vm.version" value="25.91-b14"/>
    <property name="java.vm.vendor" value="Oracle Corporation"/>
    <property name="maven.multiModuleProjectDirectory" value="C:\Users\Vishal-PC\WS_HMS\eJagruti"/>
    <property name="java.vendor.url" value="http://java.oracle.com/"/>
    <property name="path.separator" value=";"/>
    <property name="guice.disable.misplaced.annotation.check" value="true"/>
    <property name="java.vm.name" value="Java HotSpot(TM) 64-Bit Server VM"/>
    <property name="file.encoding.pkg" value="sun.io"/>
    <property name="user.script" value=""/>
    <property name="user.country" value="IN"/>
    <property name="sun.java.launcher" value="SUN_STANDARD"/>
    <property name="sun.os.patch.level" value=""/>
    <property name="java.vm.specification.name" value="Java Virtual Machine Specification"/>
    <property name="user.dir" value="C:\Users\Vishal-PC\WS_HMS\eJagruti"/>
    <property name="java.runtime.version" value="1.8.0_91-b14"/>
    <property name="java.awt.graphicsenv" value="sun.awt.Win32GraphicsEnvironment"/>
    <property name="java.endorsed.dirs" value="C:\Program Files\Java\jdk1.8.0_91\jre\lib\endorsed"/>
    <property name="os.arch" value="amd64"/>
    <property name="java.io.tmpdir" value="C:\Users\VISHAL~1\AppData\Local\Temp\"/>
    <property name="line.separator" value="&#10;"/>
    <property name="java.vm.specification.vendor" value="Oracle Corporation"/>
    <property name="user.variant" value=""/>
    <property name="os.name" value="Windows 10"/>
    <property name="suiteXmlFile" value="testng.xml"/>
    <property name="classworlds.conf" value="C:\eJagruti-Automation\maven\bin\m2.conf"/>
    <property name="sun.jnu.encoding" value="Cp1252"/>
    <property name="java.library.path" value="C:\Program Files\Java\jdk1.8.0_91\bin;C:\WINDOWS\Sun\Java\bin;C:\WINDOWS\system32;C:\WINDOWS;C:\ProgramData\Oracle\Java\javapath;C:\Program Files (x86)\Intel\iCLS Client\;C:\Program Files\Intel\iCLS Client\;C:\Windows\system32;C:\Windows;C:\Windows\System32\Wbem;C:\Windows\System32\WindowsPowerShell\v1.0\;C:\Program Files (x86)\Intel\Intel(R) Management Engine Components\DAL;C:\Program Files\Intel\Intel(R) Management Engine Components\DAL;C:\Program Files (x86)\Intel\Intel(R) Management Engine Components\IPT;C:\Program Files\Intel\Intel(R) Management Engine Components\IPT;C:\Program Files (x86)\NVIDIA Corporation\PhysX\Common;C:\Program Files (x86)\Skype\Phone;C:\Program Files\Java\jdk1.8.0_91\bin\;C:\Program Files\Java\jdk1.8.0_91\bin;C:\WINDOWS\system32;C:\WINDOWS;C:\WINDOWS\System32\Wbem;C:\WINDOWS\System32\WindowsPowerShell\v1.0\;C:\Program Files (x86)\Skype\Phone\;G:\sdk\sdk\tools;G:\sdk\sdk\build-tools\19.1.0;G:\sdk\sdk\platform-tools;C:\eJagruti-Automation\maven\bin;;C:\WINDOWS\System32\OpenSSH\;C:\Users\Vishal-PC\AppData\Local\Microsoft\WindowsApps;C:\AppServ\Apache2.2\bin;C:\AppServ\php5;C:\AppServ\MySQL\bin;;."/>
    <property name="java.specification.name" value="Java Platform API Specification"/>
    <property name="java.class.version" value="52.0"/>
    <property name="sun.management.compiler" value="HotSpot 64-Bit Tiered Compilers"/>
    <property name="os.version" value="10.0"/>
    <property name="user.home" value="C:\Users\Vishal-PC"/>
    <property name="user.timezone" value="Asia/Calcutta"/>
    <property name="java.awt.printerjob" value="sun.awt.windows.WPrinterJob"/>
    <property name="java.specification.version" value="1.8"/>
    <property name="file.encoding" value="Cp1252"/>
    <property name="user.name" value="Vishal-PC"/>
    <property name="java.class.path" value="C:\eJagruti-Automation\maven\boot\plexus-classworlds-2.5.2.jar"/>
    <property name="java.vm.specification.version" value="1.8"/>
    <property name="sun.arch.data.model" value="64"/>
    <property name="java.home" value="C:\Program Files\Java\jdk1.8.0_91\jre"/>
    <property name="sun.java.command" value="org.codehaus.plexus.classworlds.launcher.Launcher test -DsuiteXmlFile=testng.xml"/>
    <property name="java.specification.vendor" value="Oracle Corporation"/>
    <property name="user.language" value="en"/>
    <property name="awt.toolkit" value="sun.awt.windows.WToolkit"/>
    <property name="java.vm.info" value="mixed mode"/>
    <property name="java.version" value="1.8.0_91"/>
    <property name="java.ext.dirs" value="C:\Program Files\Java\jdk1.8.0_91\jre\lib\ext;C:\WINDOWS\Sun\Java\lib\ext"/>
    <property name="sun.boot.class.path" value="C:\Program Files\Java\jdk1.8.0_91\jre\lib\resources.jar;C:\Program Files\Java\jdk1.8.0_91\jre\lib\rt.jar;C:\Program Files\Java\jdk1.8.0_91\jre\lib\sunrsasign.jar;C:\Program Files\Java\jdk1.8.0_91\jre\lib\jsse.jar;C:\Program Files\Java\jdk1.8.0_91\jre\lib\jce.jar;C:\Program Files\Java\jdk1.8.0_91\jre\lib\charsets.jar;C:\Program Files\Java\jdk1.8.0_91\jre\lib\jfr.jar;C:\Program Files\Java\jdk1.8.0_91\jre\classes"/>
    <property name="sun.stderr.encoding" value="cp437"/>
    <property name="java.vendor" value="Oracle Corporation"/>
    <property name="maven.home" value="C:\eJagruti-Automation\maven"/>
    <property name="file.separator" value="\"/>
    <property name="java.vendor.url.bug" value="http://bugreport.sun.com/bugreport/"/>
    <property name="sun.cpu.endian" value="little"/>
    <property name="sun.io.unicode.encoding" value="UnicodeLittle"/>
    <property name="sun.stdout.encoding" value="cp437"/>
    <property name="sun.desktop" value="windows"/>
    <property name="sun.cpu.isalist" value="amd64"/>
  </properties>
  <testcase name="SelectBrowser" classname="ejagruti.finsys.modules.ApplicationLaunching" time="5.629"/>
  <testcase name="SelectBrowser" classname="ejagruti.finsys.modules.ApplicationLaunching" time="3.525">
    <failure message="unknown error: cannot determine loading status&#10;from unknown error: cannot determine loading status&#10;from disconnected: received Inspector.detached event&#10;  (Session info: chrome=66.0.3359.181)&#10;  (Driver info: chromedriver=2.35.528161 (5b82f2d2aae0ca24b877009200ced9065a772e73),platform=Windows NT 10.0.17134 x86_64) (WARNING: The server did not provide any stacktrace information)&#10;Command duration or timeout: 1.19 seconds&#10;Build info: version: &apos;2.53.1&apos;, revision: &apos;a36b8b1cd5757287168e54b817830adce9b0158d&apos;, time: &apos;2016-06-30 19:26:09&apos;&#10;System info: host: &apos;DESKTOP-CTF5VAH&apos;, ip: &apos;192.168.0.114&apos;, os.name: &apos;Windows 10&apos;, os.arch: &apos;amd64&apos;, os.version: &apos;10.0&apos;, java.version: &apos;1.8.0_91&apos;&#10;Driver info: org.openqa.selenium.chrome.ChromeDriver&#10;Capabilities [{applicationCacheEnabled=false, rotatable=false, mobileEmulationEnabled=false, networkConnectionEnabled=false, chrome={chromedriverVersion=2.35.528161 (5b82f2d2aae0ca24b877009200ced9065a772e73), userDataDir=C:\Users\VISHAL~1\AppData\Local\Temp\scoped_dir10540_19377}, takesHeapSnapshot=true, pageLoadStrategy=normal, databaseEnabled=false, handlesAlerts=true, hasTouchScreen=false, version=66.0.3359.181, platform=XP, browserConnectionEnabled=false, nativeEvents=true, acceptSslCerts=false, acceptInsecureCerts=false, locationContextEnabled=true, webStorageEnabled=true, browserName=chrome, takesScreenshot=true, javascriptEnabled=true, cssSelectorsEnabled=true, setWindowRect=true, unexpectedAlertBehaviour=}]&#10;Session ID: df45f60c5e7ce5829b14629fa892fdf0" type="org.openqa.selenium.WebDriverException">org.openqa.selenium.WebDriverException: unknown error: cannot determine loading status
from unknown error: cannot determine loading status
from disconnected: received Inspector.detached event
  (Session info: chrome=66.0.3359.181)
  (Driver info: chromedriver=2.35.528161 (5b82f2d2aae0ca24b877009200ced9065a772e73),platform=Windows NT 10.0.17134 x86_64) (WARNING: The server did not provide any stacktrace information)
Command duration or timeout: 1.19 seconds
Build info: version: '2.53.1', revision: 'a36b8b1cd5757287168e54b817830adce9b0158d', time: '2016-06-30 19:26:09'
System info: host: 'DESKTOP-CTF5VAH', ip: '192.168.0.114', os.name: 'Windows 10', os.arch: 'amd64', os.version: '10.0', java.version: '1.8.0_91'
Driver info: org.openqa.selenium.chrome.ChromeDriver
Capabilities [{applicationCacheEnabled=false, rotatable=false, mobileEmulationEnabled=false, networkConnectionEnabled=false, chrome={chromedriverVersion=2.35.528161 (5b82f2d2aae0ca24b877009200ced9065a772e73), userDataDir=C:\Users\VISHAL~1\AppData\Local\Temp\scoped_dir10540_19377}, takesHeapSnapshot=true, pageLoadStrategy=normal, databaseEnabled=false, handlesAlerts=true, hasTouchScreen=false, version=66.0.3359.181, platform=XP, browserConnectionEnabled=false, nativeEvents=true, acceptSslCerts=false, acceptInsecureCerts=false, locationContextEnabled=true, webStorageEnabled=true, browserName=chrome, takesScreenshot=true, javascriptEnabled=true, cssSelectorsEnabled=true, setWindowRect=true, unexpectedAlertBehaviour=}]
Session ID: df45f60c5e7ce5829b14629fa892fdf0
	at sun.reflect.NativeConstructorAccessorImpl.newInstance0(Native Method)
	at sun.reflect.NativeConstructorAccessorImpl.newInstance(NativeConstructorAccessorImpl.java:62)
	at sun.reflect.DelegatingConstructorAccessorImpl.newInstance(DelegatingConstructorAccessorImpl.java:45)
	at java.lang.reflect.Constructor.newInstance(Constructor.java:423)
	at org.openqa.selenium.remote.ErrorHandler.createThrowable(ErrorHandler.java:206)
	at org.openqa.selenium.remote.ErrorHandler.throwIfResponseFailed(ErrorHandler.java:158)
	at org.openqa.selenium.remote.RemoteWebDriver.execute(RemoteWebDriver.java:678)
	at org.openqa.selenium.remote.RemoteWebDriver.get(RemoteWebDriver.java:316)
	at ejagruti.finsys.modules.ApplicationLaunching.SelectBrowser(ApplicationLaunching.java:84)
</failure>
    <system-out><![CDATA[Test Step Execution Finished::doLogin:: PASSED

Test Case Execution Finished:Test Case Name :Verify login functionality by passing valid username and password

Test Case Execution Started:Test Case Name :Verify Creation of a New Company by passing all Valid Details
Test Case ID::002
Requirement Id::R-101
Owner::Vishal
ToBeExecuted::TestExcuted
2018-06-16 08:40:25 DEBUG RequestAddCookies:122 - CookieSpec selected: default
2018-06-16 08:40:25 DEBUG RequestAuthCache:76 - Auth cache not set in the context
2018-06-16 08:40:25 DEBUG PoolingHttpClientConnectionManager:249 - Connection request: [route: {}->http://localhost:16877][total kept alive: 1; route allocated: 0 of 2000; total allocated: 1 of 2000]
2018-06-16 08:40:25 DEBUG PoolingHttpClientConnectionManager:282 - Connection leased: [id: 1][route: {}->http://localhost:16877][total kept alive: 1; route allocated: 1 of 2000; total allocated: 2 of 2000]
2018-06-16 08:40:25 DEBUG MainClientExec:234 - Opening connection {}->http://localhost:16877
2018-06-16 08:40:25 DEBUG DefaultHttpClientConnectionOperator:131 - Connecting to localhost/127.0.0.1:16877
2018-06-16 08:40:25 DEBUG DefaultHttpClientConnectionOperator:138 - Connection established 127.0.0.1:55802<->127.0.0.1:16877
2018-06-16 08:40:25 DEBUG DefaultManagedHttpClientConnection:90 - http-outgoing-1: set socket timeout to 10800000
2018-06-16 08:40:25 DEBUG MainClientExec:255 - Executing request POST /session HTTP/1.1
2018-06-16 08:40:25 DEBUG MainClientExec:260 - Target auth state: UNCHALLENGED
2018-06-16 08:40:25 DEBUG MainClientExec:266 - Proxy auth state: UNCHALLENGED
2018-06-16 08:40:25 DEBUG headers:135 - http-outgoing-1 >> POST /session HTTP/1.1
2018-06-16 08:40:25 DEBUG headers:138 - http-outgoing-1 >> Content-Type: application/json; charset=utf-8
2018-06-16 08:40:25 DEBUG headers:138 - http-outgoing-1 >> Content-Length: 122
2018-06-16 08:40:25 DEBUG headers:138 - http-outgoing-1 >> Host: localhost:16877
2018-06-16 08:40:25 DEBUG headers:138 - http-outgoing-1 >> Connection: Keep-Alive
2018-06-16 08:40:25 DEBUG headers:138 - http-outgoing-1 >> User-Agent: Apache-HttpClient/4.5.1 (Java/1.8.0_91)
2018-06-16 08:40:25 DEBUG headers:138 - http-outgoing-1 >> Accept-Encoding: gzip,deflate
2018-06-16 08:40:25 DEBUG wire:72 - http-outgoing-1 >> "POST /session HTTP/1.1[\r][\n]"
2018-06-16 08:40:25 DEBUG wire:72 - http-outgoing-1 >> "Content-Type: application/json; charset=utf-8[\r][\n]"
2018-06-16 08:40:25 DEBUG wire:72 - http-outgoing-1 >> "Content-Length: 122[\r][\n]"
2018-06-16 08:40:25 DEBUG wire:72 - http-outgoing-1 >> "Host: localhost:16877[\r][\n]"
2018-06-16 08:40:25 DEBUG wire:72 - http-outgoing-1 >> "Connection: Keep-Alive[\r][\n]"
2018-06-16 08:40:25 DEBUG wire:72 - http-outgoing-1 >> "User-Agent: Apache-HttpClient/4.5.1 (Java/1.8.0_91)[\r][\n]"
2018-06-16 08:40:25 DEBUG wire:72 - http-outgoing-1 >> "Accept-Encoding: gzip,deflate[\r][\n]"
2018-06-16 08:40:25 DEBUG wire:72 - http-outgoing-1 >> "[\r][\n]"
2018-06-16 08:40:25 DEBUG wire:86 - http-outgoing-1 >> "{"desiredCapabilities":{"browserName":"chrome","chromeOptions":{"args":[],"extensions":[]},"version":"","platform":"ANY"}}"
2018-06-16 08:40:27 DEBUG wire:72 - http-outgoing-1 << "HTTP/1.1 200 OK[\r][\n]"
2018-06-16 08:40:27 DEBUG wire:72 - http-outgoing-1 << "Content-Length:833[\r][\n]"
2018-06-16 08:40:27 DEBUG wire:72 - http-outgoing-1 << "Content-Type:application/json; charset=utf-8[\r][\n]"
2018-06-16 08:40:27 DEBUG wire:72 - http-outgoing-1 << "[\r][\n]"
2018-06-16 08:40:27 DEBUG wire:86 - http-outgoing-1 << "{"sessionId":"df45f60c5e7ce5829b14629fa892fdf0","status":0,"value":{"acceptInsecureCerts":false,"acceptSslCerts":false,"applicationCacheEnabled":false,"browserConnectionEnabled":false,"browserName":"chrome","chrome":{"chromedriverVersion":"2.35.528161 (5b82f2d2aae0ca24b877009200ced9065a772e73)","userDataDir":"C:\\Users\\VISHAL~1\\AppData\\Local\\Temp\\scoped_dir10540_19377"},"cssSelectorsEnabled":true,"databaseEnabled":false,"handlesAlerts":true,"hasTouchScreen":false,"javascriptEnabled":true,"locationContextEnabled":true,"mobileEmulationEnabled":false,"nativeEvents":true,"networkConnectionEnabled":false,"pageLoadStrategy":"normal","platform":"Windows NT","rotatable":false,"setWindowRect":true,"takesHeapSnapshot":true,"takesScreenshot":true,"unexpectedAlertBehaviour":"","version":"66.0.3359.181","webStorageEnabled":true}}"
2018-06-16 08:40:27 DEBUG headers:124 - http-outgoing-1 << HTTP/1.1 200 OK
2018-06-16 08:40:27 DEBUG headers:127 - http-outgoing-1 << Content-Length:833
2018-06-16 08:40:27 DEBUG headers:127 - http-outgoing-1 << Content-Type:application/json; charset=utf-8
2018-06-16 08:40:27 DEBUG MainClientExec:284 - Connection can be kept alive indefinitely
2018-06-16 08:40:27 DEBUG PoolingHttpClientConnectionManager:314 - Connection [id: 1][route: {}->http://localhost:16877] can be kept alive indefinitely
2018-06-16 08:40:27 DEBUG PoolingHttpClientConnectionManager:320 - Connection released: [id: 1][route: {}->http://localhost:16877][total kept alive: 2; route allocated: 1 of 2000; total allocated: 2 of 2000]
2018-06-16 08:40:27 INFO  ApplicationLaunching:73 - Application sucessfully launched :ch
2018-06-16 08:40:27 DEBUG RequestAddCookies:122 - CookieSpec selected: default
2018-06-16 08:40:27 DEBUG RequestAuthCache:76 - Auth cache not set in the context
2018-06-16 08:40:27 DEBUG PoolingHttpClientConnectionManager:249 - Connection request: [route: {}->http://localhost:16877][total kept alive: 2; route allocated: 1 of 2000; total allocated: 2 of 2000]
2018-06-16 08:40:27 DEBUG PoolingHttpClientConnectionManager:282 - Connection leased: [id: 1][route: {}->http://localhost:16877][total kept alive: 1; route allocated: 1 of 2000; total allocated: 2 of 2000]
2018-06-16 08:40:27 DEBUG MainClientExec:207 - Stale connection check
2018-06-16 08:40:27 DEBUG wire:86 - http-outgoing-1 << "[read] I/O error: Read timed out"
2018-06-16 08:40:27 DEBUG DefaultManagedHttpClientConnection:90 - http-outgoing-1: set socket timeout to 10800000
2018-06-16 08:40:27 DEBUG MainClientExec:255 - Executing request POST /session/df45f60c5e7ce5829b14629fa892fdf0/url HTTP/1.1
2018-06-16 08:40:27 DEBUG MainClientExec:260 - Target auth state: UNCHALLENGED
2018-06-16 08:40:27 DEBUG MainClientExec:266 - Proxy auth state: UNCHALLENGED
2018-06-16 08:40:27 DEBUG headers:135 - http-outgoing-1 >> POST /session/df45f60c5e7ce5829b14629fa892fdf0/url HTTP/1.1
2018-06-16 08:40:27 DEBUG headers:138 - http-outgoing-1 >> Content-Type: application/json; charset=utf-8
2018-06-16 08:40:27 DEBUG headers:138 - http-outgoing-1 >> Content-Length: 36
2018-06-16 08:40:27 DEBUG headers:138 - http-outgoing-1 >> Host: localhost:16877
2018-06-16 08:40:27 DEBUG headers:138 - http-outgoing-1 >> Connection: Keep-Alive
2018-06-16 08:40:27 DEBUG headers:138 - http-outgoing-1 >> User-Agent: Apache-HttpClient/4.5.1 (Java/1.8.0_91)
2018-06-16 08:40:27 DEBUG headers:138 - http-outgoing-1 >> Accept-Encoding: gzip,deflate
2018-06-16 08:40:27 DEBUG wire:72 - http-outgoing-1 >> "POST /session/df45f60c5e7ce5829b14629fa892fdf0/url HTTP/1.1[\r][\n]"
2018-06-16 08:40:27 DEBUG wire:72 - http-outgoing-1 >> "Content-Type: application/json; charset=utf-8[\r][\n]"
2018-06-16 08:40:27 DEBUG wire:72 - http-outgoing-1 >> "Content-Length: 36[\r][\n]"
2018-06-16 08:40:27 DEBUG wire:72 - http-outgoing-1 >> "Host: localhost:16877[\r][\n]"
2018-06-16 08:40:27 DEBUG wire:72 - http-outgoing-1 >> "Connection: Keep-Alive[\r][\n]"
2018-06-16 08:40:27 DEBUG wire:72 - http-outgoing-1 >> "User-Agent: Apache-HttpClient/4.5.1 (Java/1.8.0_91)[\r][\n]"
2018-06-16 08:40:27 DEBUG wire:72 - http-outgoing-1 >> "Accept-Encoding: gzip,deflate[\r][\n]"
2018-06-16 08:40:27 DEBUG wire:72 - http-outgoing-1 >> "[\r][\n]"
2018-06-16 08:40:27 DEBUG wire:86 - http-outgoing-1 >> "{"url":"http://localhost:90/finsys"}"
2018-06-16 08:40:28 DEBUG wire:72 - http-outgoing-1 << "HTTP/1.1 200 OK[\r][\n]"
2018-06-16 08:40:28 DEBUG wire:72 - http-outgoing-1 << "Content-Length:400[\r][\n]"
2018-06-16 08:40:28 DEBUG wire:72 - http-outgoing-1 << "Content-Type:application/json; charset=utf-8[\r][\n]"
2018-06-16 08:40:28 DEBUG wire:72 - http-outgoing-1 << "[\r][\n]"
2018-06-16 08:40:28 DEBUG wire:86 - http-outgoing-1 << "{"sessionId":"df45f60c5e7ce5829b14629fa892fdf0","status":13,"value":{"message":"unknown error: cannot determine loading status\nfrom unknown error: cannot determine loading status\nfrom disconnected: received Inspector.detached event\n  (Session info: chrome=66.0.3359.181)\n  (Driver info: chromedriver=2.35.528161 (5b82f2d2aae0ca24b877009200ced9065a772e73),platform=Windows NT 10.0.17134 x86_64)"}}"
2018-06-16 08:40:28 DEBUG headers:124 - http-outgoing-1 << HTTP/1.1 200 OK
2018-06-16 08:40:28 DEBUG headers:127 - http-outgoing-1 << Content-Length:400
2018-06-16 08:40:28 DEBUG headers:127 - http-outgoing-1 << Content-Type:application/json; charset=utf-8
2018-06-16 08:40:28 DEBUG MainClientExec:284 - Connection can be kept alive indefinitely
2018-06-16 08:40:28 DEBUG PoolingHttpClientConnectionManager:314 - Connection [id: 1][route: {}->http://localhost:16877] can be kept alive indefinitely
2018-06-16 08:40:28 DEBUG PoolingHttpClientConnectionManager:320 - Connection released: [id: 1][route: {}->http://localhost:16877][total kept alive: 2; route allocated: 1 of 2000; total allocated: 2 of 2000]
]]></system-out>
    <system-err><![CDATA[org.testng.SkipException: SelectBrowser
	at ejagruti.finsys.listners.TestCaseListners.onTestStart(TestCaseListners.java:88)
	at org.testng.internal.Invoker.runTestListeners(Invoker.java:1739)
	at org.testng.internal.Invoker.runTestListeners(Invoker.java:1714)
	at org.testng.internal.Invoker.invokeMethod(Invoker.java:640)
	at org.testng.internal.Invoker.invokeTestMethod(Invoker.java:869)
	at org.testng.internal.Invoker.invokeTestMethods(Invoker.java:1193)
	at org.testng.internal.TestMethodWorker.invokeTestMethods(TestMethodWorker.java:126)
	at org.testng.internal.TestMethodWorker.run(TestMethodWorker.java:109)
	at org.testng.TestRunner.privateRun(TestRunner.java:744)
	at org.testng.TestRunner.run(TestRunner.java:602)
	at org.testng.SuiteRunner.runTest(SuiteRunner.java:380)
	at org.testng.SuiteRunner.runSequentially(SuiteRunner.java:375)
	at org.testng.SuiteRunner.privateRun(SuiteRunner.java:340)
	at org.testng.SuiteRunner.run(SuiteRunner.java:289)
	at org.testng.SuiteRunnerWorker.runSuite(SuiteRunnerWorker.java:52)
	at org.testng.SuiteRunnerWorker.run(SuiteRunnerWorker.java:86)
	at org.testng.TestNG.runSuitesSequentially(TestNG.java:1301)
	at org.testng.TestNG.runSuitesLocally(TestNG.java:1226)
	at org.testng.TestNG.runSuites(TestNG.java:1144)
	at org.testng.TestNG.run(TestNG.java:1115)
	at org.apache.maven.surefire.testng.TestNGExecutor.run(TestNGExecutor.java:295)
	at org.apache.maven.surefire.testng.TestNGXmlTestSuite.execute(TestNGXmlTestSuite.java:84)
	at org.apache.maven.surefire.testng.TestNGProvider.invoke(TestNGProvider.java:90)
	at org.apache.maven.surefire.booter.ForkedBooter.invokeProviderInSameClassLoader(ForkedBooter.java:203)
	at org.apache.maven.surefire.booter.ForkedBooter.runSuitesInProcess(ForkedBooter.java:155)
	at org.apache.maven.surefire.booter.ForkedBooter.main(ForkedBooter.java:103)
Starting ChromeDriver 2.35.528161 (5b82f2d2aae0ca24b877009200ced9065a772e73) on port 16877
Only local connections are allowed.
]]></system-err>
  </testcase>
  <testcase name="doLogin" classname="ejagruti.finsys.modules.Login" time="1.062"/>
  <testcase name="doLogin" classname="ejagruti.finsys.modules.Login" time="4.034">
    <failure message="chrome not reachable&#10;  (Session info: chrome=66.0.3359.181)&#10;  (Driver info: chromedriver=2.35.528161 (5b82f2d2aae0ca24b877009200ced9065a772e73),platform=Windows NT 10.0.17134 x86_64) (WARNING: The server did not provide any stacktrace information)&#10;Command duration or timeout: 4.02 seconds&#10;Build info: version: &apos;2.53.1&apos;, revision: &apos;a36b8b1cd5757287168e54b817830adce9b0158d&apos;, time: &apos;2016-06-30 19:26:09&apos;&#10;System info: host: &apos;DESKTOP-CTF5VAH&apos;, ip: &apos;192.168.0.114&apos;, os.name: &apos;Windows 10&apos;, os.arch: &apos;amd64&apos;, os.version: &apos;10.0&apos;, java.version: &apos;1.8.0_91&apos;&#10;Driver info: org.openqa.selenium.chrome.ChromeDriver&#10;Capabilities [{applicationCacheEnabled=false, rotatable=false, mobileEmulationEnabled=false, networkConnectionEnabled=false, chrome={chromedriverVersion=2.35.528161 (5b82f2d2aae0ca24b877009200ced9065a772e73), userDataDir=C:\Users\VISHAL~1\AppData\Local\Temp\scoped_dir10540_19377}, takesHeapSnapshot=true, pageLoadStrategy=normal, databaseEnabled=false, handlesAlerts=true, hasTouchScreen=false, version=66.0.3359.181, platform=XP, browserConnectionEnabled=false, nativeEvents=true, acceptSslCerts=false, acceptInsecureCerts=false, locationContextEnabled=true, webStorageEnabled=true, browserName=chrome, takesScreenshot=true, javascriptEnabled=true, cssSelectorsEnabled=true, setWindowRect=true, unexpectedAlertBehaviour=}]&#10;Session ID: df45f60c5e7ce5829b14629fa892fdf0&#10;*** Element info: {Using=xpath, value=//input[@placeholder=&apos;Username&apos;]}" type="org.openqa.selenium.WebDriverException">org.openqa.selenium.WebDriverException: chrome not reachable
  (Session info: chrome=66.0.3359.181)
  (Driver info: chromedriver=2.35.528161 (5b82f2d2aae0ca24b877009200ced9065a772e73),platform=Windows NT 10.0.17134 x86_64) (WARNING: The server did not provide any stacktrace information)
Command duration or timeout: 4.02 seconds
Build info: version: '2.53.1', revision: 'a36b8b1cd5757287168e54b817830adce9b0158d', time: '2016-06-30 19:26:09'
System info: host: 'DESKTOP-CTF5VAH', ip: '192.168.0.114', os.name: 'Windows 10', os.arch: 'amd64', os.version: '10.0', java.version: '1.8.0_91'
Driver info: org.openqa.selenium.chrome.ChromeDriver
Capabilities [{applicationCacheEnabled=false, rotatable=false, mobileEmulationEnabled=false, networkConnectionEnabled=false, chrome={chromedriverVersion=2.35.528161 (5b82f2d2aae0ca24b877009200ced9065a772e73), userDataDir=C:\Users\VISHAL~1\AppData\Local\Temp\scoped_dir10540_19377}, takesHeapSnapshot=true, pageLoadStrategy=normal, databaseEnabled=false, handlesAlerts=true, hasTouchScreen=false, version=66.0.3359.181, platform=XP, browserConnectionEnabled=false, nativeEvents=true, acceptSslCerts=false, acceptInsecureCerts=false, locationContextEnabled=true, webStorageEnabled=true, browserName=chrome, takesScreenshot=true, javascriptEnabled=true, cssSelectorsEnabled=true, setWindowRect=true, unexpectedAlertBehaviour=}]
Session ID: df45f60c5e7ce5829b14629fa892fdf0
*** Element info: {Using=xpath, value=//input[@placeholder='Username']}
	at sun.reflect.NativeConstructorAccessorImpl.newInstance0(Native Method)
	at sun.reflect.NativeConstructorAccessorImpl.newInstance(NativeConstructorAccessorImpl.java:62)
	at sun.reflect.DelegatingConstructorAccessorImpl.newInstance(DelegatingConstructorAccessorImpl.java:45)
	at java.lang.reflect.Constructor.newInstance(Constructor.java:423)
	at org.openqa.selenium.remote.ErrorHandler.createThrowable(ErrorHandler.java:206)
	at org.openqa.selenium.remote.ErrorHandler.throwIfResponseFailed(ErrorHandler.java:158)
	at org.openqa.selenium.remote.RemoteWebDriver.execute(RemoteWebDriver.java:678)
	at org.openqa.selenium.remote.RemoteWebDriver.findElement(RemoteWebDriver.java:363)
	at org.openqa.selenium.remote.RemoteWebDriver.findElementByXPath(RemoteWebDriver.java:500)
	at org.openqa.selenium.By$ByXPath.findElement(By.java:361)
	at org.openqa.selenium.remote.RemoteWebDriver.findElement(RemoteWebDriver.java:355)
	at org.openqa.selenium.support.pagefactory.DefaultElementLocator.findElement(DefaultElementLocator.java:69)
	at org.openqa.selenium.support.pagefactory.internal.LocatingElementHandler.invoke(LocatingElementHandler.java:38)
	at com.sun.proxy.$Proxy4.sendKeys(Unknown Source)
	at ejagruti.finsys.pageobjects.loginpage.EnterUserName(loginpage.java:21)
	at ejagruti.finsys.modules.Login.doLogin(Login.java:19)
</failure>
    <system-out><![CDATA[Test Step Execution Finished::SelectBrowser:: FAILED
2018-06-16 08:40:28 DEBUG RequestAddCookies:122 - CookieSpec selected: default
2018-06-16 08:40:28 DEBUG RequestAuthCache:76 - Auth cache not set in the context
2018-06-16 08:40:28 DEBUG PoolingHttpClientConnectionManager:249 - Connection request: [route: {}->http://localhost:16877][total kept alive: 2; route allocated: 1 of 2000; total allocated: 2 of 2000]
2018-06-16 08:40:28 DEBUG PoolingHttpClientConnectionManager:282 - Connection leased: [id: 1][route: {}->http://localhost:16877][total kept alive: 1; route allocated: 1 of 2000; total allocated: 2 of 2000]
2018-06-16 08:40:28 DEBUG MainClientExec:207 - Stale connection check
2018-06-16 08:40:28 DEBUG wire:86 - http-outgoing-1 << "[read] I/O error: Read timed out"
2018-06-16 08:40:28 DEBUG DefaultManagedHttpClientConnection:90 - http-outgoing-1: set socket timeout to 10800000
2018-06-16 08:40:28 DEBUG MainClientExec:255 - Executing request POST /session/df45f60c5e7ce5829b14629fa892fdf0/element HTTP/1.1
2018-06-16 08:40:28 DEBUG MainClientExec:260 - Target auth state: UNCHALLENGED
2018-06-16 08:40:28 DEBUG MainClientExec:266 - Proxy auth state: UNCHALLENGED
2018-06-16 08:40:28 DEBUG headers:135 - http-outgoing-1 >> POST /session/df45f60c5e7ce5829b14629fa892fdf0/element HTTP/1.1
2018-06-16 08:40:28 DEBUG headers:138 - http-outgoing-1 >> Content-Type: application/json; charset=utf-8
2018-06-16 08:40:28 DEBUG headers:138 - http-outgoing-1 >> Content-Length: 60
2018-06-16 08:40:28 DEBUG headers:138 - http-outgoing-1 >> Host: localhost:16877
2018-06-16 08:40:28 DEBUG headers:138 - http-outgoing-1 >> Connection: Keep-Alive
2018-06-16 08:40:28 DEBUG headers:138 - http-outgoing-1 >> User-Agent: Apache-HttpClient/4.5.1 (Java/1.8.0_91)
2018-06-16 08:40:28 DEBUG headers:138 - http-outgoing-1 >> Accept-Encoding: gzip,deflate
2018-06-16 08:40:28 DEBUG wire:72 - http-outgoing-1 >> "POST /session/df45f60c5e7ce5829b14629fa892fdf0/element HTTP/1.1[\r][\n]"
2018-06-16 08:40:28 DEBUG wire:72 - http-outgoing-1 >> "Content-Type: application/json; charset=utf-8[\r][\n]"
2018-06-16 08:40:28 DEBUG wire:72 - http-outgoing-1 >> "Content-Length: 60[\r][\n]"
2018-06-16 08:40:28 DEBUG wire:72 - http-outgoing-1 >> "Host: localhost:16877[\r][\n]"
2018-06-16 08:40:28 DEBUG wire:72 - http-outgoing-1 >> "Connection: Keep-Alive[\r][\n]"
2018-06-16 08:40:28 DEBUG wire:72 - http-outgoing-1 >> "User-Agent: Apache-HttpClient/4.5.1 (Java/1.8.0_91)[\r][\n]"
2018-06-16 08:40:28 DEBUG wire:72 - http-outgoing-1 >> "Accept-Encoding: gzip,deflate[\r][\n]"
2018-06-16 08:40:28 DEBUG wire:72 - http-outgoing-1 >> "[\r][\n]"
2018-06-16 08:40:28 DEBUG wire:86 - http-outgoing-1 >> "{"using":"xpath","value":"//input[@placeholder='Username']"}"
2018-06-16 08:40:32 DEBUG wire:72 - http-outgoing-1 << "HTTP/1.1 200 OK[\r][\n]"
2018-06-16 08:40:32 DEBUG wire:72 - http-outgoing-1 << "Content-Length:268[\r][\n]"
2018-06-16 08:40:32 DEBUG wire:72 - http-outgoing-1 << "Content-Type:application/json; charset=utf-8[\r][\n]"
2018-06-16 08:40:32 DEBUG wire:72 - http-outgoing-1 << "[\r][\n]"
2018-06-16 08:40:32 DEBUG wire:86 - http-outgoing-1 << "{"sessionId":"df45f60c5e7ce5829b14629fa892fdf0","status":100,"value":{"message":"chrome not reachable\n  (Session info: chrome=66.0.3359.181)\n  (Driver info: chromedriver=2.35.528161 (5b82f2d2aae0ca24b877009200ced9065a772e73),platform=Windows NT 10.0.17134 x86_64)"}}"
2018-06-16 08:40:32 DEBUG headers:124 - http-outgoing-1 << HTTP/1.1 200 OK
2018-06-16 08:40:32 DEBUG headers:127 - http-outgoing-1 << Content-Length:268
2018-06-16 08:40:32 DEBUG headers:127 - http-outgoing-1 << Content-Type:application/json; charset=utf-8
2018-06-16 08:40:32 DEBUG MainClientExec:284 - Connection can be kept alive indefinitely
2018-06-16 08:40:32 DEBUG PoolingHttpClientConnectionManager:314 - Connection [id: 1][route: {}->http://localhost:16877] can be kept alive indefinitely
2018-06-16 08:40:32 DEBUG PoolingHttpClientConnectionManager:320 - Connection released: [id: 1][route: {}->http://localhost:16877][total kept alive: 2; route allocated: 1 of 2000; total allocated: 2 of 2000]
]]></system-out>
    <system-err><![CDATA[org.testng.SkipException: doLogin
	at ejagruti.finsys.listners.TestCaseListners.onTestStart(TestCaseListners.java:88)
	at org.testng.internal.Invoker.runTestListeners(Invoker.java:1739)
	at org.testng.internal.Invoker.runTestListeners(Invoker.java:1714)
	at org.testng.internal.Invoker.invokeMethod(Invoker.java:640)
	at org.testng.internal.Invoker.invokeTestMethod(Invoker.java:869)
	at org.testng.internal.Invoker.invokeTestMethods(Invoker.java:1193)
	at org.testng.internal.TestMethodWorker.invokeTestMethods(TestMethodWorker.java:126)
	at org.testng.internal.TestMethodWorker.run(TestMethodWorker.java:109)
	at org.testng.TestRunner.privateRun(TestRunner.java:744)
	at org.testng.TestRunner.run(TestRunner.java:602)
	at org.testng.SuiteRunner.runTest(SuiteRunner.java:380)
	at org.testng.SuiteRunner.runSequentially(SuiteRunner.java:375)
	at org.testng.SuiteRunner.privateRun(SuiteRunner.java:340)
	at org.testng.SuiteRunner.run(SuiteRunner.java:289)
	at org.testng.SuiteRunnerWorker.runSuite(SuiteRunnerWorker.java:52)
	at org.testng.SuiteRunnerWorker.run(SuiteRunnerWorker.java:86)
	at org.testng.TestNG.runSuitesSequentially(TestNG.java:1301)
	at org.testng.TestNG.runSuitesLocally(TestNG.java:1226)
	at org.testng.TestNG.runSuites(TestNG.java:1144)
	at org.testng.TestNG.run(TestNG.java:1115)
	at org.apache.maven.surefire.testng.TestNGExecutor.run(TestNGExecutor.java:295)
	at org.apache.maven.surefire.testng.TestNGXmlTestSuite.execute(TestNGXmlTestSuite.java:84)
	at org.apache.maven.surefire.testng.TestNGProvider.invoke(TestNGProvider.java:90)
	at org.apache.maven.surefire.booter.ForkedBooter.invokeProviderInSameClassLoader(ForkedBooter.java:203)
	at org.apache.maven.surefire.booter.ForkedBooter.runSuitesInProcess(ForkedBooter.java:155)
	at org.apache.maven.surefire.booter.ForkedBooter.main(ForkedBooter.java:103)
]]></system-err>
  </testcase>
  <testcase name="createCompany" classname="ejagruti.finsys.modules.CreateNewCompany" time="77.497"/>
</testsuite>